<?xml version="1.0" encoding="UTF-8"?>
<coverage generated="1643273161486" clover="3.2.0">
  <project timestamp="1643273161486" name="All files">
    <metrics statements="33" coveredstatements="33" conditionals="20" coveredconditionals="18" methods="3" coveredmethods="3" elements="56" coveredelements="54" complexity="0" loc="33" ncloc="33" packages="1" files="2" classes="2"/>
    <file name="genDiff.js" path="/home/kostya/frontend-project-lvl2/src/genDiff.js">
      <metrics statements="23" coveredstatements="23" conditionals="14" coveredconditionals="13" methods="2" coveredmethods="2"/>
      <line num="4" count="1" type="stmt"/>
      <line num="5" count="3" type="stmt"/>
      <line num="6" count="3" type="stmt"/>
      <line num="8" count="3" type="stmt"/>
      <line num="9" count="3" type="stmt"/>
      <line num="10" count="3" type="stmt"/>
      <line num="11" count="3" type="stmt"/>
      <line num="12" count="3" type="stmt"/>
      <line num="13" count="3" type="stmt"/>
      <line num="14" count="3" type="stmt"/>
      <line num="16" count="3" type="stmt"/>
      <line num="17" count="15" type="cond" truecount="4" falsecount="0"/>
      <line num="18" count="6" type="cond" truecount="2" falsecount="0"/>
      <line num="19" count="3" type="stmt"/>
      <line num="21" count="3" type="stmt"/>
      <line num="22" count="3" type="stmt"/>
      <line num="24" count="9" type="cond" truecount="4" falsecount="0"/>
      <line num="25" count="6" type="stmt"/>
      <line num="26" count="3" type="cond" truecount="3" falsecount="1"/>
      <line num="27" count="3" type="stmt"/>
      <line num="31" count="3" type="stmt"/>
      <line num="32" count="3" type="stmt"/>
      <line num="36" count="1" type="stmt"/>
    </file>
    <file name="parsers.js" path="/home/kostya/frontend-project-lvl2/src/parsers.js">
      <metrics statements="10" coveredstatements="10" conditionals="6" coveredconditionals="5" methods="1" coveredmethods="1"/>
      <line num="6" count="1" type="stmt"/>
      <line num="7" count="6" type="stmt"/>
      <line num="8" count="6" type="stmt"/>
      <line num="9" count="6" type="stmt"/>
      <line num="11" count="6" type="stmt"/>
      <line num="12" count="6" type="cond" truecount="4" falsecount="0"/>
      <line num="13" count="2" type="stmt"/>
      <line num="14" count="4" type="cond" truecount="1" falsecount="1"/>
      <line num="15" count="4" type="stmt"/>
      <line num="17" count="6" type="stmt"/>
    </file>
  </project>
</coverage>
