{"/home/viskuzi/frontend-project-lvl2/formatters/capslockFormat.js": {"path":"/home/viskuzi/frontend-project-lvl2/formatters/capslockFormat.js","statementMap":{"0":{"start":{"line":3,"column":17},"end":{"line":58,"column":1}},"1":{"start":{"line":4,"column":24},"end":{"line":4,"column":27}},"2":{"start":{"line":5,"column":25},"end":{"line":5,"column":28}},"3":{"start":{"line":6,"column":17},"end":{"line":6,"column":19}},"4":{"start":{"line":8,"column":20},"end":{"line":22,"column":3}},"5":{"start":{"line":9,"column":18},"end":{"line":9,"column":20}},"6":{"start":{"line":10,"column":21},"end":{"line":10,"column":37}},"7":{"start":{"line":12,"column":4},"end":{"line":19,"column":7}},"8":{"start":{"line":13,"column":6},"end":{"line":18,"column":7}},"9":{"start":{"line":14,"column":21},"end":{"line":14,"column":51}},"10":{"start":{"line":15,"column":8},"end":{"line":15,"column":64}},"11":{"start":{"line":17,"column":8},"end":{"line":17,"column":68}},"12":{"start":{"line":20,"column":25},"end":{"line":20,"column":57}},"13":{"start":{"line":20,"column":45},"end":{"line":20,"column":56}},"14":{"start":{"line":21,"column":4},"end":{"line":21,"column":72}},"15":{"start":{"line":24,"column":2},"end":{"line":54,"column":5}},"16":{"start":{"line":25,"column":4},"end":{"line":53,"column":5}},"17":{"start":{"line":26,"column":20},"end":{"line":26,"column":54}},"18":{"start":{"line":27,"column":6},"end":{"line":27,"column":75}},"19":{"start":{"line":28,"column":11},"end":{"line":53,"column":5}},"20":{"start":{"line":29,"column":20},"end":{"line":29,"column":55}},"21":{"start":{"line":30,"column":6},"end":{"line":30,"column":96}},"22":{"start":{"line":31,"column":11},"end":{"line":53,"column":5}},"23":{"start":{"line":32,"column":20},"end":{"line":32,"column":55}},"24":{"start":{"line":33,"column":6},"end":{"line":33,"column":97}},"25":{"start":{"line":34,"column":11},"end":{"line":53,"column":5}},"26":{"start":{"line":35,"column":6},"end":{"line":35,"column":104}},"27":{"start":{"line":36,"column":11},"end":{"line":53,"column":5}},"28":{"start":{"line":37,"column":6},"end":{"line":37,"column":105}},"29":{"start":{"line":38,"column":11},"end":{"line":53,"column":5}},"30":{"start":{"line":39,"column":20},"end":{"line":39,"column":61}},"31":{"start":{"line":40,"column":6},"end":{"line":40,"column":97}},"32":{"start":{"line":41,"column":6},"end":{"line":41,"column":109}},"33":{"start":{"line":42,"column":11},"end":{"line":53,"column":5}},"34":{"start":{"line":43,"column":20},"end":{"line":43,"column":61}},"35":{"start":{"line":44,"column":6},"end":{"line":44,"column":110}},"36":{"start":{"line":45,"column":6},"end":{"line":45,"column":96}},"37":{"start":{"line":46,"column":11},"end":{"line":53,"column":5}},"38":{"start":{"line":47,"column":6},"end":{"line":52,"column":7}},"39":{"start":{"line":48,"column":8},"end":{"line":48,"column":88}},"40":{"start":{"line":50,"column":8},"end":{"line":50,"column":110}},"41":{"start":{"line":51,"column":8},"end":{"line":51,"column":109}},"42":{"start":{"line":55,"column":23},"end":{"line":55,"column":68}},"43":{"start":{"line":55,"column":43},"end":{"line":55,"column":67}},"44":{"start":{"line":57,"column":2},"end":{"line":57,"column":75}}},"fnMap":{"0":{"name":"(anonymous_0)","decl":{"start":{"line":3,"column":17},"end":{"line":3,"column":18}},"loc":{"start":{"line":3,"column":55},"end":{"line":58,"column":1}},"line":3},"1":{"name":"(anonymous_1)","decl":{"start":{"line":8,"column":20},"end":{"line":8,"column":21}},"loc":{"start":{"line":8,"column":60},"end":{"line":22,"column":3}},"line":8},"2":{"name":"(anonymous_2)","decl":{"start":{"line":12,"column":21},"end":{"line":12,"column":22}},"loc":{"start":{"line":12,"column":30},"end":{"line":19,"column":5}},"line":12},"3":{"name":"(anonymous_3)","decl":{"start":{"line":20,"column":35},"end":{"line":20,"column":36}},"loc":{"start":{"line":20,"column":45},"end":{"line":20,"column":56}},"line":20},"4":{"name":"(anonymous_4)","decl":{"start":{"line":24,"column":15},"end":{"line":24,"column":16}},"loc":{"start":{"line":24,"column":28},"end":{"line":54,"column":3}},"line":24},"5":{"name":"(anonymous_5)","decl":{"start":{"line":55,"column":34},"end":{"line":55,"column":35}},"loc":{"start":{"line":55,"column":43},"end":{"line":55,"column":67}},"line":55}},"branchMap":{"0":{"loc":{"start":{"line":3,"column":24},"end":{"line":3,"column":33}},"type":"default-arg","locations":[{"start":{"line":3,"column":32},"end":{"line":3,"column":33}}],"line":3},"1":{"loc":{"start":{"line":3,"column":35},"end":{"line":3,"column":50}},"type":"default-arg","locations":[{"start":{"line":3,"column":46},"end":{"line":3,"column":50}}],"line":3},"2":{"loc":{"start":{"line":8,"column":26},"end":{"line":8,"column":35}},"type":"default-arg","locations":[{"start":{"line":8,"column":34},"end":{"line":8,"column":35}}],"line":8},"3":{"loc":{"start":{"line":8,"column":37},"end":{"line":8,"column":55}},"type":"default-arg","locations":[{"start":{"line":8,"column":49},"end":{"line":8,"column":55}}],"line":8},"4":{"loc":{"start":{"line":13,"column":6},"end":{"line":18,"column":7}},"type":"if","locations":[{"start":{"line":13,"column":6},"end":{"line":18,"column":7}},{"start":{"line":16,"column":13},"end":{"line":18,"column":7}}],"line":13},"5":{"loc":{"start":{"line":25,"column":4},"end":{"line":53,"column":5}},"type":"if","locations":[{"start":{"line":25,"column":4},"end":{"line":53,"column":5}},{"start":{"line":28,"column":11},"end":{"line":53,"column":5}}],"line":25},"6":{"loc":{"start":{"line":28,"column":11},"end":{"line":53,"column":5}},"type":"if","locations":[{"start":{"line":28,"column":11},"end":{"line":53,"column":5}},{"start":{"line":31,"column":11},"end":{"line":53,"column":5}}],"line":28},"7":{"loc":{"start":{"line":31,"column":11},"end":{"line":53,"column":5}},"type":"if","locations":[{"start":{"line":31,"column":11},"end":{"line":53,"column":5}},{"start":{"line":34,"column":11},"end":{"line":53,"column":5}}],"line":31},"8":{"loc":{"start":{"line":34,"column":11},"end":{"line":53,"column":5}},"type":"if","locations":[{"start":{"line":34,"column":11},"end":{"line":53,"column":5}},{"start":{"line":36,"column":11},"end":{"line":53,"column":5}}],"line":34},"9":{"loc":{"start":{"line":36,"column":11},"end":{"line":53,"column":5}},"type":"if","locations":[{"start":{"line":36,"column":11},"end":{"line":53,"column":5}},{"start":{"line":38,"column":11},"end":{"line":53,"column":5}}],"line":36},"10":{"loc":{"start":{"line":38,"column":11},"end":{"line":53,"column":5}},"type":"if","locations":[{"start":{"line":38,"column":11},"end":{"line":53,"column":5}},{"start":{"line":42,"column":11},"end":{"line":53,"column":5}}],"line":38},"11":{"loc":{"start":{"line":42,"column":11},"end":{"line":53,"column":5}},"type":"if","locations":[{"start":{"line":42,"column":11},"end":{"line":53,"column":5}},{"start":{"line":46,"column":11},"end":{"line":53,"column":5}}],"line":42},"12":{"loc":{"start":{"line":46,"column":11},"end":{"line":53,"column":5}},"type":"if","locations":[{"start":{"line":46,"column":11},"end":{"line":53,"column":5}},{"start":{},"end":{}}],"line":46},"13":{"loc":{"start":{"line":47,"column":6},"end":{"line":52,"column":7}},"type":"if","locations":[{"start":{"line":47,"column":6},"end":{"line":52,"column":7}},{"start":{"line":49,"column":13},"end":{"line":52,"column":7}}],"line":47}},"s":{"0":1,"1":5,"2":5,"3":5,"4":5,"5":7,"6":7,"7":7,"8":9,"9":3,"10":3,"11":6,"12":7,"13":9,"14":7,"15":5,"16":18,"17":4,"18":4,"19":14,"20":2,"21":2,"22":12,"23":1,"24":1,"25":11,"26":3,"27":8,"28":1,"29":7,"30":1,"31":1,"32":1,"33":6,"34":0,"35":0,"36":0,"37":6,"38":6,"39":3,"40":3,"41":3,"42":5,"43":22,"44":5},"f":{"0":5,"1":7,"2":9,"3":9,"4":18,"5":22},"b":{"0":[1],"1":[5],"2":[0],"3":[7],"4":[3,6],"5":[4,14],"6":[2,12],"7":[1,11],"8":[3,8],"9":[1,7],"10":[1,6],"11":[0,6],"12":[6,0],"13":[3,3]},"_coverageSchema":"1a1c01bbd47fc00a2c39e90264f33305004495a9","hash":"035e913ea68e56a77db51581653a6bde54714029"}
,"/home/viskuzi/frontend-project-lvl2/formatters/index.js": {"path":"/home/viskuzi/frontend-project-lvl2/formatters/index.js","statementMap":{"0":{"start":{"line":13,"column":33},"end":{"line":30,"column":1}},"1":{"start":{"line":14,"column":22},"end":{"line":14,"column":49}},"2":{"start":{"line":15,"column":23},"end":{"line":15,"column":50}},"3":{"start":{"line":16,"column":24},"end":{"line":16,"column":78}},"4":{"start":{"line":18,"column":2},"end":{"line":20,"column":3}},"5":{"start":{"line":19,"column":4},"end":{"line":19,"column":34}},"6":{"start":{"line":20,"column":4},"end":{"line":22,"column":3}},"7":{"start":{"line":21,"column":4},"end":{"line":21,"column":32}},"8":{"start":{"line":22,"column":4},"end":{"line":24,"column":3}},"9":{"start":{"line":23,"column":4},"end":{"line":23,"column":35}},"10":{"start":{"line":24,"column":4},"end":{"line":26,"column":3}},"11":{"start":{"line":25,"column":4},"end":{"line":25,"column":31}},"12":{"start":{"line":28,"column":2},"end":{"line":28,"column":83}},"13":{"start":{"line":29,"column":2},"end":{"line":29,"column":32}}},"fnMap":{"0":{"name":"(anonymous_0)","decl":{"start":{"line":13,"column":33},"end":{"line":13,"column":34}},"loc":{"start":{"line":13,"column":85},"end":{"line":30,"column":1}},"line":13}},"branchMap":{"0":{"loc":{"start":{"line":13,"column":56},"end":{"line":13,"column":80}},"type":"default-arg","locations":[{"start":{"line":13,"column":71},"end":{"line":13,"column":80}}],"line":13},"1":{"loc":{"start":{"line":18,"column":2},"end":{"line":20,"column":3}},"type":"if","locations":[{"start":{"line":18,"column":2},"end":{"line":20,"column":3}},{"start":{},"end":{}}],"line":18},"2":{"loc":{"start":{"line":20,"column":4},"end":{"line":22,"column":3}},"type":"if","locations":[{"start":{"line":20,"column":4},"end":{"line":22,"column":3}},{"start":{},"end":{}}],"line":20},"3":{"loc":{"start":{"line":22,"column":4},"end":{"line":24,"column":3}},"type":"if","locations":[{"start":{"line":22,"column":4},"end":{"line":24,"column":3}},{"start":{},"end":{}}],"line":22},"4":{"loc":{"start":{"line":24,"column":4},"end":{"line":26,"column":3}},"type":"if","locations":[{"start":{"line":24,"column":4},"end":{"line":26,"column":3}},{"start":{},"end":{}}],"line":24}},"s":{"0":1,"1":5,"2":5,"3":5,"4":5,"5":2,"6":3,"7":1,"8":2,"9":1,"10":1,"11":1,"12":0,"13":0},"f":{"0":5},"b":{"0":[2],"1":[2,3],"2":[1,2],"3":[1,1],"4":[1,0]},"_coverageSchema":"1a1c01bbd47fc00a2c39e90264f33305004495a9","hash":"37237c9789782e6c535671e5cae22b5de09468ba"}
,"/home/viskuzi/frontend-project-lvl2/formatters/jsonFormat.js": {"path":"/home/viskuzi/frontend-project-lvl2/formatters/jsonFormat.js","statementMap":{"0":{"start":{"line":1,"column":13},"end":{"line":1,"column":43}},"1":{"start":{"line":1,"column":23},"end":{"line":1,"column":43}}},"fnMap":{"0":{"name":"(anonymous_0)","decl":{"start":{"line":1,"column":13},"end":{"line":1,"column":14}},"loc":{"start":{"line":1,"column":23},"end":{"line":1,"column":43}},"line":1}},"branchMap":{},"s":{"0":1,"1":1},"f":{"0":1},"b":{},"_coverageSchema":"1a1c01bbd47fc00a2c39e90264f33305004495a9","hash":"f28f1eaafc788f02c9d1ff3c16b2b8b1ed4ed222"}
,"/home/viskuzi/frontend-project-lvl2/formatters/plainFormat.js": {"path":"/home/viskuzi/frontend-project-lvl2/formatters/plainFormat.js","statementMap":{"0":{"start":{"line":1,"column":14},"end":{"line":40,"column":1}},"1":{"start":{"line":2,"column":28},"end":{"line":11,"column":3}},"2":{"start":{"line":3,"column":4},"end":{"line":5,"column":5}},"3":{"start":{"line":4,"column":6},"end":{"line":4,"column":18}},"4":{"start":{"line":5,"column":6},"end":{"line":7,"column":5}},"5":{"start":{"line":6,"column":6},"end":{"line":6,"column":19}},"6":{"start":{"line":7,"column":6},"end":{"line":9,"column":5}},"7":{"start":{"line":8,"column":6},"end":{"line":8,"column":26}},"8":{"start":{"line":10,"column":4},"end":{"line":10,"column":17}},"9":{"start":{"line":13,"column":17},"end":{"line":13,"column":19}},"10":{"start":{"line":15,"column":2},"end":{"line":37,"column":5}},"11":{"start":{"line":16,"column":4},"end":{"line":36,"column":5}},"12":{"start":{"line":17,"column":6},"end":{"line":17,"column":65}},"13":{"start":{"line":18,"column":11},"end":{"line":36,"column":5}},"14":{"start":{"line":19,"column":6},"end":{"line":19,"column":65}},"15":{"start":{"line":20,"column":11},"end":{"line":36,"column":5}},"16":{"start":{"line":21,"column":6},"end":{"line":21,"column":111}},"17":{"start":{"line":22,"column":11},"end":{"line":36,"column":5}},"18":{"start":{"line":23,"column":6},"end":{"line":23,"column":91}},"19":{"start":{"line":24,"column":11},"end":{"line":36,"column":5}},"20":{"start":{"line":25,"column":6},"end":{"line":25,"column":131}},"21":{"start":{"line":26,"column":11},"end":{"line":36,"column":5}},"22":{"start":{"line":27,"column":6},"end":{"line":29,"column":7}},"23":{"start":{"line":28,"column":8},"end":{"line":28,"column":154}},"24":{"start":{"line":30,"column":11},"end":{"line":36,"column":5}},"25":{"start":{"line":31,"column":6},"end":{"line":31,"column":131}},"26":{"start":{"line":32,"column":11},"end":{"line":36,"column":5}},"27":{"start":{"line":33,"column":18},"end":{"line":33,"column":41}},"28":{"start":{"line":34,"column":25},"end":{"line":34,"column":50}},"29":{"start":{"line":35,"column":6},"end":{"line":35,"column":30}},"30":{"start":{"line":39,"column":2},"end":{"line":39,"column":42}}},"fnMap":{"0":{"name":"(anonymous_0)","decl":{"start":{"line":1,"column":14},"end":{"line":1,"column":15}},"loc":{"start":{"line":1,"column":34},"end":{"line":40,"column":1}},"line":1},"1":{"name":"(anonymous_1)","decl":{"start":{"line":2,"column":28},"end":{"line":2,"column":29}},"loc":{"start":{"line":2,"column":39},"end":{"line":11,"column":3}},"line":2},"2":{"name":"(anonymous_2)","decl":{"start":{"line":15,"column":15},"end":{"line":15,"column":16}},"loc":{"start":{"line":15,"column":28},"end":{"line":37,"column":3}},"line":15}},"branchMap":{"0":{"loc":{"start":{"line":1,"column":21},"end":{"line":1,"column":29}},"type":"default-arg","locations":[{"start":{"line":1,"column":27},"end":{"line":1,"column":29}}],"line":1},"1":{"loc":{"start":{"line":3,"column":4},"end":{"line":5,"column":5}},"type":"if","locations":[{"start":{"line":3,"column":4},"end":{"line":5,"column":5}},{"start":{},"end":{}}],"line":3},"2":{"loc":{"start":{"line":5,"column":6},"end":{"line":7,"column":5}},"type":"if","locations":[{"start":{"line":5,"column":6},"end":{"line":7,"column":5}},{"start":{},"end":{}}],"line":5},"3":{"loc":{"start":{"line":7,"column":6},"end":{"line":9,"column":5}},"type":"if","locations":[{"start":{"line":7,"column":6},"end":{"line":9,"column":5}},{"start":{},"end":{}}],"line":7},"4":{"loc":{"start":{"line":16,"column":4},"end":{"line":36,"column":5}},"type":"if","locations":[{"start":{"line":16,"column":4},"end":{"line":36,"column":5}},{"start":{"line":18,"column":11},"end":{"line":36,"column":5}}],"line":16},"5":{"loc":{"start":{"line":18,"column":11},"end":{"line":36,"column":5}},"type":"if","locations":[{"start":{"line":18,"column":11},"end":{"line":36,"column":5}},{"start":{"line":20,"column":11},"end":{"line":36,"column":5}}],"line":18},"6":{"loc":{"start":{"line":20,"column":11},"end":{"line":36,"column":5}},"type":"if","locations":[{"start":{"line":20,"column":11},"end":{"line":36,"column":5}},{"start":{"line":22,"column":11},"end":{"line":36,"column":5}}],"line":20},"7":{"loc":{"start":{"line":22,"column":11},"end":{"line":36,"column":5}},"type":"if","locations":[{"start":{"line":22,"column":11},"end":{"line":36,"column":5}},{"start":{"line":24,"column":11},"end":{"line":36,"column":5}}],"line":22},"8":{"loc":{"start":{"line":24,"column":11},"end":{"line":36,"column":5}},"type":"if","locations":[{"start":{"line":24,"column":11},"end":{"line":36,"column":5}},{"start":{"line":26,"column":11},"end":{"line":36,"column":5}}],"line":24},"9":{"loc":{"start":{"line":26,"column":11},"end":{"line":36,"column":5}},"type":"if","locations":[{"start":{"line":26,"column":11},"end":{"line":36,"column":5}},{"start":{"line":30,"column":11},"end":{"line":36,"column":5}}],"line":26},"10":{"loc":{"start":{"line":27,"column":6},"end":{"line":29,"column":7}},"type":"if","locations":[{"start":{"line":27,"column":6},"end":{"line":29,"column":7}},{"start":{},"end":{}}],"line":27},"11":{"loc":{"start":{"line":30,"column":11},"end":{"line":36,"column":5}},"type":"if","locations":[{"start":{"line":30,"column":11},"end":{"line":36,"column":5}},{"start":{"line":32,"column":11},"end":{"line":36,"column":5}}],"line":30},"12":{"loc":{"start":{"line":32,"column":11},"end":{"line":36,"column":5}},"type":"if","locations":[{"start":{"line":32,"column":11},"end":{"line":36,"column":5}},{"start":{},"end":{}}],"line":32}},"s":{"0":1,"1":5,"2":10,"3":1,"4":9,"5":2,"6":7,"7":7,"8":0,"9":5,"10":5,"11":18,"12":1,"13":17,"14":1,"15":16,"16":3,"17":13,"18":2,"19":11,"20":1,"21":10,"22":6,"23":3,"24":4,"25":0,"26":4,"27":4,"28":4,"29":4,"30":5},"f":{"0":5,"1":10,"2":18},"b":{"0":[1],"1":[1,9],"2":[2,7],"3":[7,0],"4":[1,17],"5":[1,16],"6":[3,13],"7":[2,11],"8":[1,10],"9":[6,4],"10":[3,3],"11":[0,4],"12":[4,0]},"_coverageSchema":"1a1c01bbd47fc00a2c39e90264f33305004495a9","hash":"47a71adad73355b41089b552251cbc8b5c049332"}
,"/home/viskuzi/frontend-project-lvl2/formatters/stylishFormat.js": {"path":"/home/viskuzi/frontend-project-lvl2/formatters/stylishFormat.js","statementMap":{"0":{"start":{"line":3,"column":16},"end":{"line":58,"column":1}},"1":{"start":{"line":4,"column":24},"end":{"line":4,"column":27}},"2":{"start":{"line":5,"column":25},"end":{"line":5,"column":28}},"3":{"start":{"line":6,"column":17},"end":{"line":6,"column":19}},"4":{"start":{"line":8,"column":20},"end":{"line":22,"column":3}},"5":{"start":{"line":9,"column":18},"end":{"line":9,"column":20}},"6":{"start":{"line":10,"column":21},"end":{"line":10,"column":37}},"7":{"start":{"line":12,"column":4},"end":{"line":19,"column":7}},"8":{"start":{"line":13,"column":6},"end":{"line":18,"column":7}},"9":{"start":{"line":14,"column":21},"end":{"line":14,"column":51}},"10":{"start":{"line":15,"column":8},"end":{"line":15,"column":64}},"11":{"start":{"line":17,"column":8},"end":{"line":17,"column":68}},"12":{"start":{"line":20,"column":25},"end":{"line":20,"column":57}},"13":{"start":{"line":20,"column":45},"end":{"line":20,"column":56}},"14":{"start":{"line":21,"column":4},"end":{"line":21,"column":72}},"15":{"start":{"line":24,"column":2},"end":{"line":54,"column":5}},"16":{"start":{"line":25,"column":4},"end":{"line":53,"column":5}},"17":{"start":{"line":26,"column":20},"end":{"line":26,"column":53}},"18":{"start":{"line":27,"column":6},"end":{"line":27,"column":75}},"19":{"start":{"line":28,"column":11},"end":{"line":53,"column":5}},"20":{"start":{"line":29,"column":20},"end":{"line":29,"column":55}},"21":{"start":{"line":30,"column":6},"end":{"line":30,"column":96}},"22":{"start":{"line":31,"column":11},"end":{"line":53,"column":5}},"23":{"start":{"line":32,"column":20},"end":{"line":32,"column":55}},"24":{"start":{"line":33,"column":6},"end":{"line":33,"column":97}},"25":{"start":{"line":34,"column":11},"end":{"line":53,"column":5}},"26":{"start":{"line":35,"column":6},"end":{"line":35,"column":104}},"27":{"start":{"line":36,"column":11},"end":{"line":53,"column":5}},"28":{"start":{"line":37,"column":6},"end":{"line":37,"column":105}},"29":{"start":{"line":38,"column":11},"end":{"line":53,"column":5}},"30":{"start":{"line":39,"column":20},"end":{"line":39,"column":61}},"31":{"start":{"line":40,"column":6},"end":{"line":40,"column":97}},"32":{"start":{"line":41,"column":6},"end":{"line":41,"column":109}},"33":{"start":{"line":42,"column":11},"end":{"line":53,"column":5}},"34":{"start":{"line":43,"column":20},"end":{"line":43,"column":61}},"35":{"start":{"line":44,"column":6},"end":{"line":44,"column":110}},"36":{"start":{"line":45,"column":6},"end":{"line":45,"column":96}},"37":{"start":{"line":46,"column":11},"end":{"line":53,"column":5}},"38":{"start":{"line":47,"column":6},"end":{"line":52,"column":7}},"39":{"start":{"line":48,"column":8},"end":{"line":48,"column":88}},"40":{"start":{"line":50,"column":8},"end":{"line":50,"column":110}},"41":{"start":{"line":51,"column":8},"end":{"line":51,"column":109}},"42":{"start":{"line":55,"column":23},"end":{"line":55,"column":54}},"43":{"start":{"line":55,"column":43},"end":{"line":55,"column":53}},"44":{"start":{"line":57,"column":2},"end":{"line":57,"column":75}}},"fnMap":{"0":{"name":"(anonymous_0)","decl":{"start":{"line":3,"column":16},"end":{"line":3,"column":17}},"loc":{"start":{"line":3,"column":54},"end":{"line":58,"column":1}},"line":3},"1":{"name":"(anonymous_1)","decl":{"start":{"line":8,"column":20},"end":{"line":8,"column":21}},"loc":{"start":{"line":8,"column":60},"end":{"line":22,"column":3}},"line":8},"2":{"name":"(anonymous_2)","decl":{"start":{"line":12,"column":21},"end":{"line":12,"column":22}},"loc":{"start":{"line":12,"column":30},"end":{"line":19,"column":5}},"line":12},"3":{"name":"(anonymous_3)","decl":{"start":{"line":20,"column":35},"end":{"line":20,"column":36}},"loc":{"start":{"line":20,"column":45},"end":{"line":20,"column":56}},"line":20},"4":{"name":"(anonymous_4)","decl":{"start":{"line":24,"column":15},"end":{"line":24,"column":16}},"loc":{"start":{"line":24,"column":28},"end":{"line":54,"column":3}},"line":24},"5":{"name":"(anonymous_5)","decl":{"start":{"line":55,"column":34},"end":{"line":55,"column":35}},"loc":{"start":{"line":55,"column":43},"end":{"line":55,"column":53}},"line":55}},"branchMap":{"0":{"loc":{"start":{"line":3,"column":23},"end":{"line":3,"column":32}},"type":"default-arg","locations":[{"start":{"line":3,"column":31},"end":{"line":3,"column":32}}],"line":3},"1":{"loc":{"start":{"line":3,"column":34},"end":{"line":3,"column":49}},"type":"default-arg","locations":[{"start":{"line":3,"column":45},"end":{"line":3,"column":49}}],"line":3},"2":{"loc":{"start":{"line":8,"column":26},"end":{"line":8,"column":35}},"type":"default-arg","locations":[{"start":{"line":8,"column":34},"end":{"line":8,"column":35}}],"line":8},"3":{"loc":{"start":{"line":8,"column":37},"end":{"line":8,"column":55}},"type":"default-arg","locations":[{"start":{"line":8,"column":49},"end":{"line":8,"column":55}}],"line":8},"4":{"loc":{"start":{"line":13,"column":6},"end":{"line":18,"column":7}},"type":"if","locations":[{"start":{"line":13,"column":6},"end":{"line":18,"column":7}},{"start":{"line":16,"column":13},"end":{"line":18,"column":7}}],"line":13},"5":{"loc":{"start":{"line":25,"column":4},"end":{"line":53,"column":5}},"type":"if","locations":[{"start":{"line":25,"column":4},"end":{"line":53,"column":5}},{"start":{"line":28,"column":11},"end":{"line":53,"column":5}}],"line":25},"6":{"loc":{"start":{"line":28,"column":11},"end":{"line":53,"column":5}},"type":"if","locations":[{"start":{"line":28,"column":11},"end":{"line":53,"column":5}},{"start":{"line":31,"column":11},"end":{"line":53,"column":5}}],"line":28},"7":{"loc":{"start":{"line":31,"column":11},"end":{"line":53,"column":5}},"type":"if","locations":[{"start":{"line":31,"column":11},"end":{"line":53,"column":5}},{"start":{"line":34,"column":11},"end":{"line":53,"column":5}}],"line":31},"8":{"loc":{"start":{"line":34,"column":11},"end":{"line":53,"column":5}},"type":"if","locations":[{"start":{"line":34,"column":11},"end":{"line":53,"column":5}},{"start":{"line":36,"column":11},"end":{"line":53,"column":5}}],"line":34},"9":{"loc":{"start":{"line":36,"column":11},"end":{"line":53,"column":5}},"type":"if","locations":[{"start":{"line":36,"column":11},"end":{"line":53,"column":5}},{"start":{"line":38,"column":11},"end":{"line":53,"column":5}}],"line":36},"10":{"loc":{"start":{"line":38,"column":11},"end":{"line":53,"column":5}},"type":"if","locations":[{"start":{"line":38,"column":11},"end":{"line":53,"column":5}},{"start":{"line":42,"column":11},"end":{"line":53,"column":5}}],"line":38},"11":{"loc":{"start":{"line":42,"column":11},"end":{"line":53,"column":5}},"type":"if","locations":[{"start":{"line":42,"column":11},"end":{"line":53,"column":5}},{"start":{"line":46,"column":11},"end":{"line":53,"column":5}}],"line":42},"12":{"loc":{"start":{"line":46,"column":11},"end":{"line":53,"column":5}},"type":"if","locations":[{"start":{"line":46,"column":11},"end":{"line":53,"column":5}},{"start":{},"end":{}}],"line":46},"13":{"loc":{"start":{"line":47,"column":6},"end":{"line":52,"column":7}},"type":"if","locations":[{"start":{"line":47,"column":6},"end":{"line":52,"column":7}},{"start":{"line":49,"column":13},"end":{"line":52,"column":7}}],"line":47}},"s":{"0":1,"1":10,"2":10,"3":10,"4":10,"5":14,"6":14,"7":14,"8":18,"9":6,"10":6,"11":12,"12":14,"13":18,"14":14,"15":10,"16":36,"17":8,"18":8,"19":28,"20":4,"21":4,"22":24,"23":2,"24":2,"25":22,"26":6,"27":16,"28":2,"29":14,"30":2,"31":2,"32":2,"33":12,"34":0,"35":0,"36":0,"37":12,"38":12,"39":6,"40":6,"41":6,"42":10,"43":44,"44":10},"f":{"0":10,"1":14,"2":18,"3":18,"4":36,"5":44},"b":{"0":[2],"1":[10],"2":[0],"3":[14],"4":[6,12],"5":[8,28],"6":[4,24],"7":[2,22],"8":[6,16],"9":[2,14],"10":[2,12],"11":[0,12],"12":[12,0],"13":[6,6]},"_coverageSchema":"1a1c01bbd47fc00a2c39e90264f33305004495a9","hash":"948f77d72c65dbe01a02f550c3d22c5b775f4313"}
,"/home/viskuzi/frontend-project-lvl2/src/generarateDiff.js": {"path":"/home/viskuzi/frontend-project-lvl2/src/generarateDiff.js","statementMap":{"0":{"start":{"line":9,"column":27},"end":{"line":11,"column":2}},"1":{"start":{"line":9,"column":52},"end":{"line":11,"column":1}},"2":{"start":{"line":17,"column":28},"end":{"line":19,"column":2}},"3":{"start":{"line":17,"column":50},"end":{"line":19,"column":1}},"4":{"start":{"line":26,"column":28},"end":{"line":28,"column":2}},"5":{"start":{"line":26,"column":50},"end":{"line":28,"column":1}},"6":{"start":{"line":33,"column":28},"end":{"line":33,"column":92}},"7":{"start":{"line":33,"column":43},"end":{"line":33,"column":91}},"8":{"start":{"line":38,"column":27},"end":{"line":38,"column":87}},"9":{"start":{"line":38,"column":44},"end":{"line":38,"column":86}},"10":{"start":{"line":43,"column":26},"end":{"line":43,"column":88}},"11":{"start":{"line":43,"column":41},"end":{"line":43,"column":87}},"12":{"start":{"line":48,"column":25},"end":{"line":48,"column":83}},"13":{"start":{"line":48,"column":42},"end":{"line":48,"column":82}},"14":{"start":{"line":53,"column":22},"end":{"line":53,"column":104}},"15":{"start":{"line":53,"column":49},"end":{"line":53,"column":103}},"16":{"start":{"line":59,"column":36},"end":{"line":88,"column":1}},"17":{"start":{"line":60,"column":24},"end":{"line":60,"column":48}},"18":{"start":{"line":61,"column":25},"end":{"line":61,"column":50}},"19":{"start":{"line":62,"column":18},"end":{"line":62,"column":56}},"20":{"start":{"line":63,"column":24},"end":{"line":63,"column":41}},"21":{"start":{"line":65,"column":22},"end":{"line":65,"column":24}},"22":{"start":{"line":66,"column":2},"end":{"line":86,"column":5}},"23":{"start":{"line":67,"column":4},"end":{"line":85,"column":5}},"24":{"start":{"line":68,"column":6},"end":{"line":68,"column":65}},"25":{"start":{"line":69,"column":11},"end":{"line":85,"column":5}},"26":{"start":{"line":70,"column":6},"end":{"line":70,"column":66}},"27":{"start":{"line":71,"column":11},"end":{"line":85,"column":5}},"28":{"start":{"line":72,"column":6},"end":{"line":72,"column":66}},"29":{"start":{"line":73,"column":11},"end":{"line":85,"column":5}},"30":{"start":{"line":74,"column":6},"end":{"line":74,"column":67}},"31":{"start":{"line":75,"column":11},"end":{"line":85,"column":5}},"32":{"start":{"line":76,"column":6},"end":{"line":76,"column":86}},"33":{"start":{"line":77,"column":11},"end":{"line":85,"column":5}},"34":{"start":{"line":78,"column":6},"end":{"line":78,"column":86}},"35":{"start":{"line":79,"column":11},"end":{"line":85,"column":5}},"36":{"start":{"line":80,"column":6},"end":{"line":80,"column":85}},"37":{"start":{"line":81,"column":11},"end":{"line":85,"column":5}},"38":{"start":{"line":82,"column":24},"end":{"line":82,"column":88}},"39":{"start":{"line":83,"column":23},"end":{"line":83,"column":52}},"40":{"start":{"line":84,"column":6},"end":{"line":84,"column":33}},"41":{"start":{"line":87,"column":2},"end":{"line":87,"column":21}}},"fnMap":{"0":{"name":"(anonymous_0)","decl":{"start":{"line":9,"column":27},"end":{"line":9,"column":28}},"loc":{"start":{"line":9,"column":52},"end":{"line":11,"column":1}},"line":9},"1":{"name":"(anonymous_1)","decl":{"start":{"line":17,"column":28},"end":{"line":17,"column":29}},"loc":{"start":{"line":17,"column":50},"end":{"line":19,"column":1}},"line":17},"2":{"name":"(anonymous_2)","decl":{"start":{"line":26,"column":28},"end":{"line":26,"column":29}},"loc":{"start":{"line":26,"column":50},"end":{"line":28,"column":1}},"line":26},"3":{"name":"(anonymous_3)","decl":{"start":{"line":33,"column":28},"end":{"line":33,"column":29}},"loc":{"start":{"line":33,"column":43},"end":{"line":33,"column":91}},"line":33},"4":{"name":"(anonymous_4)","decl":{"start":{"line":38,"column":27},"end":{"line":38,"column":28}},"loc":{"start":{"line":38,"column":44},"end":{"line":38,"column":86}},"line":38},"5":{"name":"(anonymous_5)","decl":{"start":{"line":43,"column":26},"end":{"line":43,"column":27}},"loc":{"start":{"line":43,"column":41},"end":{"line":43,"column":87}},"line":43},"6":{"name":"(anonymous_6)","decl":{"start":{"line":48,"column":25},"end":{"line":48,"column":26}},"loc":{"start":{"line":48,"column":42},"end":{"line":48,"column":82}},"line":48},"7":{"name":"(anonymous_7)","decl":{"start":{"line":53,"column":22},"end":{"line":53,"column":23}},"loc":{"start":{"line":53,"column":49},"end":{"line":53,"column":103}},"line":53},"8":{"name":"(anonymous_8)","decl":{"start":{"line":59,"column":36},"end":{"line":59,"column":37}},"loc":{"start":{"line":59,"column":67},"end":{"line":88,"column":1}},"line":59},"9":{"name":"(anonymous_9)","decl":{"start":{"line":66,"column":24},"end":{"line":66,"column":25}},"loc":{"start":{"line":66,"column":33},"end":{"line":86,"column":3}},"line":66}},"branchMap":{"0":{"loc":{"start":{"line":67,"column":4},"end":{"line":85,"column":5}},"type":"if","locations":[{"start":{"line":67,"column":4},"end":{"line":85,"column":5}},{"start":{"line":69,"column":11},"end":{"line":85,"column":5}}],"line":67},"1":{"loc":{"start":{"line":67,"column":8},"end":{"line":67,"column":94}},"type":"binary-expr","locations":[{"start":{"line":67,"column":8},"end":{"line":67,"column":32}},{"start":{"line":67,"column":36},"end":{"line":67,"column":60}},{"start":{"line":67,"column":64},"end":{"line":67,"column":94}}],"line":67},"2":{"loc":{"start":{"line":69,"column":11},"end":{"line":85,"column":5}},"type":"if","locations":[{"start":{"line":69,"column":11},"end":{"line":85,"column":5}},{"start":{"line":71,"column":11},"end":{"line":85,"column":5}}],"line":69},"3":{"loc":{"start":{"line":69,"column":15},"end":{"line":69,"column":100}},"type":"binary-expr","locations":[{"start":{"line":69,"column":15},"end":{"line":69,"column":39}},{"start":{"line":69,"column":43},"end":{"line":69,"column":67}},{"start":{"line":69,"column":71},"end":{"line":69,"column":100}}],"line":69},"4":{"loc":{"start":{"line":71,"column":11},"end":{"line":85,"column":5}},"type":"if","locations":[{"start":{"line":71,"column":11},"end":{"line":85,"column":5}},{"start":{"line":73,"column":11},"end":{"line":85,"column":5}}],"line":71},"5":{"loc":{"start":{"line":71,"column":15},"end":{"line":71,"column":100}},"type":"binary-expr","locations":[{"start":{"line":71,"column":15},"end":{"line":71,"column":40}},{"start":{"line":71,"column":44},"end":{"line":71,"column":67}},{"start":{"line":71,"column":71},"end":{"line":71,"column":100}}],"line":71},"6":{"loc":{"start":{"line":73,"column":11},"end":{"line":85,"column":5}},"type":"if","locations":[{"start":{"line":73,"column":11},"end":{"line":85,"column":5}},{"start":{"line":75,"column":11},"end":{"line":85,"column":5}}],"line":73},"7":{"loc":{"start":{"line":73,"column":15},"end":{"line":73,"column":99}},"type":"binary-expr","locations":[{"start":{"line":73,"column":15},"end":{"line":73,"column":40}},{"start":{"line":73,"column":44},"end":{"line":73,"column":67}},{"start":{"line":73,"column":71},"end":{"line":73,"column":99}}],"line":73},"8":{"loc":{"start":{"line":75,"column":11},"end":{"line":85,"column":5}},"type":"if","locations":[{"start":{"line":75,"column":11},"end":{"line":85,"column":5}},{"start":{"line":77,"column":11},"end":{"line":85,"column":5}}],"line":75},"9":{"loc":{"start":{"line":75,"column":15},"end":{"line":75,"column":132}},"type":"binary-expr","locations":[{"start":{"line":75,"column":15},"end":{"line":75,"column":39}},{"start":{"line":75,"column":43},"end":{"line":75,"column":66}},{"start":{"line":75,"column":70},"end":{"line":75,"column":98}},{"start":{"line":75,"column":102},"end":{"line":75,"column":132}}],"line":75},"10":{"loc":{"start":{"line":77,"column":11},"end":{"line":85,"column":5}},"type":"if","locations":[{"start":{"line":77,"column":11},"end":{"line":85,"column":5}},{"start":{"line":79,"column":11},"end":{"line":85,"column":5}}],"line":77},"11":{"loc":{"start":{"line":77,"column":15},"end":{"line":77,"column":132}},"type":"binary-expr","locations":[{"start":{"line":77,"column":15},"end":{"line":77,"column":39}},{"start":{"line":77,"column":43},"end":{"line":77,"column":66}},{"start":{"line":77,"column":70},"end":{"line":77,"column":99}},{"start":{"line":77,"column":103},"end":{"line":77,"column":132}}],"line":77},"12":{"loc":{"start":{"line":79,"column":11},"end":{"line":85,"column":5}},"type":"if","locations":[{"start":{"line":79,"column":11},"end":{"line":85,"column":5}},{"start":{"line":81,"column":11},"end":{"line":85,"column":5}}],"line":79},"13":{"loc":{"start":{"line":79,"column":15},"end":{"line":79,"column":133}},"type":"binary-expr","locations":[{"start":{"line":79,"column":15},"end":{"line":79,"column":39}},{"start":{"line":79,"column":43},"end":{"line":79,"column":66}},{"start":{"line":79,"column":70},"end":{"line":79,"column":99}},{"start":{"line":79,"column":103},"end":{"line":79,"column":133}}],"line":79},"14":{"loc":{"start":{"line":81,"column":11},"end":{"line":85,"column":5}},"type":"if","locations":[{"start":{"line":81,"column":11},"end":{"line":85,"column":5}},{"start":{},"end":{}}],"line":81},"15":{"loc":{"start":{"line":81,"column":15},"end":{"line":81,"column":131}},"type":"binary-expr","locations":[{"start":{"line":81,"column":15},"end":{"line":81,"column":39}},{"start":{"line":81,"column":43},"end":{"line":81,"column":66}},{"start":{"line":81,"column":70},"end":{"line":81,"column":98}},{"start":{"line":81,"column":102},"end":{"line":81,"column":131}}],"line":81}},"s":{"0":1,"1":30,"2":1,"3":0,"4":1,"5":5,"6":1,"7":5,"8":1,"9":5,"10":1,"11":10,"12":1,"13":15,"14":1,"15":20,"16":1,"17":25,"18":25,"19":25,"20":25,"21":25,"22":25,"23":90,"24":15,"25":75,"26":10,"27":65,"28":5,"29":60,"30":5,"31":55,"32":5,"33":50,"34":0,"35":50,"36":30,"37":20,"38":20,"39":20,"40":20,"41":25},"f":{"0":30,"1":0,"2":5,"3":5,"4":5,"5":10,"6":15,"7":20,"8":25,"9":90},"b":{"0":[15,75],"1":[90,80,25],"2":[10,65],"3":[75,65,10],"4":[5,60],"5":[65,10,10],"6":[5,55],"7":[60,5,5],"8":[5,50],"9":[55,55,55,25],"10":[0,50],"11":[50,50,50,30],"12":[30,20],"13":[50,50,50,30],"14":[20,0],"15":[20,20,20,20]},"_coverageSchema":"1a1c01bbd47fc00a2c39e90264f33305004495a9","hash":"a9a196ebdeb94633978104a6394271e117b3df48"}
,"/home/viskuzi/frontend-project-lvl2/src/parsers.js": {"path":"/home/viskuzi/frontend-project-lvl2/src/parsers.js","statementMap":{"0":{"start":{"line":8,"column":25},"end":{"line":20,"column":1}},"1":{"start":{"line":9,"column":21},"end":{"line":9,"column":51}},"2":{"start":{"line":10,"column":20},"end":{"line":10,"column":39}},"3":{"start":{"line":11,"column":21},"end":{"line":11,"column":73}},"4":{"start":{"line":13,"column":20},"end":{"line":13,"column":42}},"5":{"start":{"line":14,"column":2},"end":{"line":18,"column":3}},"6":{"start":{"line":15,"column":4},"end":{"line":15,"column":55}},"7":{"start":{"line":16,"column":9},"end":{"line":18,"column":3}},"8":{"start":{"line":17,"column":4},"end":{"line":17,"column":56}},"9":{"start":{"line":19,"column":2},"end":{"line":19,"column":13}}},"fnMap":{"0":{"name":"(anonymous_0)","decl":{"start":{"line":8,"column":25},"end":{"line":8,"column":26}},"loc":{"start":{"line":8,"column":39},"end":{"line":20,"column":1}},"line":8}},"branchMap":{"0":{"loc":{"start":{"line":14,"column":2},"end":{"line":18,"column":3}},"type":"if","locations":[{"start":{"line":14,"column":2},"end":{"line":18,"column":3}},{"start":{"line":16,"column":9},"end":{"line":18,"column":3}}],"line":14},"1":{"loc":{"start":{"line":14,"column":6},"end":{"line":14,"column":51}},"type":"binary-expr","locations":[{"start":{"line":14,"column":6},"end":{"line":14,"column":26}},{"start":{"line":14,"column":30},"end":{"line":14,"column":51}}],"line":14},"2":{"loc":{"start":{"line":16,"column":9},"end":{"line":18,"column":3}},"type":"if","locations":[{"start":{"line":16,"column":9},"end":{"line":18,"column":3}},{"start":{},"end":{}}],"line":16}},"s":{"0":1,"1":10,"2":10,"3":10,"4":10,"5":10,"6":2,"7":8,"8":8,"9":10},"f":{"0":10},"b":{"0":[2,8],"1":[10,8],"2":[8,0]},"_coverageSchema":"1a1c01bbd47fc00a2c39e90264f33305004495a9","hash":"1e702b420b93788f2e8cdcbe6e9c69c16177f7ef"}
}
