TN:
SF:formatters/capslockFormat.js
FN:3,(anonymous_0)
FN:8,(anonymous_1)
FN:12,(anonymous_2)
FN:20,(anonymous_3)
FN:24,(anonymous_4)
FN:55,(anonymous_5)
FNF:6
FNH:6
FNDA:5,(anonymous_0)
FNDA:7,(anonymous_1)
FNDA:9,(anonymous_2)
FNDA:9,(anonymous_3)
FNDA:18,(anonymous_4)
FNDA:22,(anonymous_5)
DA:3,1
DA:4,5
DA:5,5
DA:6,5
DA:8,5
DA:9,7
DA:10,7
DA:12,7
DA:13,9
DA:14,3
DA:15,3
DA:17,6
DA:20,9
DA:21,7
DA:24,5
DA:25,18
DA:26,4
DA:27,4
DA:28,14
DA:29,2
DA:30,2
DA:31,12
DA:32,1
DA:33,1
DA:34,11
DA:35,3
DA:36,8
DA:37,1
DA:38,7
DA:39,1
DA:40,1
DA:41,1
DA:42,6
DA:43,0
DA:44,0
DA:45,0
DA:46,6
DA:47,6
DA:48,3
DA:50,3
DA:51,3
DA:55,22
DA:57,5
LF:43
LH:40
BRDA:3,0,0,1
BRDA:3,1,0,5
BRDA:8,2,0,0
BRDA:8,3,0,7
BRDA:13,4,0,3
BRDA:13,4,1,6
BRDA:25,5,0,4
BRDA:25,5,1,14
BRDA:28,6,0,2
BRDA:28,6,1,12
BRDA:31,7,0,1
BRDA:31,7,1,11
BRDA:34,8,0,3
BRDA:34,8,1,8
BRDA:36,9,0,1
BRDA:36,9,1,7
BRDA:38,10,0,1
BRDA:38,10,1,6
BRDA:42,11,0,0
BRDA:42,11,1,6
BRDA:46,12,0,6
BRDA:46,12,1,0
BRDA:47,13,0,3
BRDA:47,13,1,3
BRF:24
BRH:21
end_of_record
TN:
SF:formatters/index.js
FN:12,(anonymous_0)
FNF:1
FNH:1
FNDA:4,(anonymous_0)
DA:12,1
DA:13,4
DA:14,4
DA:15,4
DA:17,4
DA:18,2
DA:19,2
DA:20,1
DA:21,1
DA:22,1
DA:25,0
DA:26,0
LF:12
LH:10
BRDA:12,0,0,2
BRDA:17,1,0,2
BRDA:17,1,1,2
BRDA:19,2,0,1
BRDA:19,2,1,1
BRDA:21,3,0,1
BRDA:21,3,1,0
BRF:7
BRH:6
end_of_record
TN:
SF:formatters/plainFormat.js
FN:1,(anonymous_0)
FN:2,(anonymous_1)
FN:15,(anonymous_2)
FNF:3
FNH:3
FNDA:5,(anonymous_0)
FNDA:10,(anonymous_1)
FNDA:18,(anonymous_2)
DA:1,1
DA:2,5
DA:3,10
DA:4,1
DA:5,9
DA:6,2
DA:7,7
DA:8,7
DA:10,0
DA:13,5
DA:15,5
DA:16,18
DA:17,1
DA:18,17
DA:19,1
DA:20,16
DA:21,3
DA:22,13
DA:23,2
DA:24,11
DA:25,1
DA:26,10
DA:27,6
DA:28,3
DA:30,4
DA:31,0
DA:32,4
DA:33,4
DA:34,4
DA:35,4
DA:39,5
LF:31
LH:29
BRDA:1,0,0,1
BRDA:3,1,0,1
BRDA:3,1,1,9
BRDA:5,2,0,2
BRDA:5,2,1,7
BRDA:7,3,0,7
BRDA:7,3,1,0
BRDA:16,4,0,1
BRDA:16,4,1,17
BRDA:18,5,0,1
BRDA:18,5,1,16
BRDA:20,6,0,3
BRDA:20,6,1,13
BRDA:22,7,0,2
BRDA:22,7,1,11
BRDA:24,8,0,1
BRDA:24,8,1,10
BRDA:26,9,0,6
BRDA:26,9,1,4
BRDA:27,10,0,3
BRDA:27,10,1,3
BRDA:30,11,0,0
BRDA:30,11,1,4
BRDA:32,12,0,4
BRDA:32,12,1,0
BRF:25
BRH:22
end_of_record
TN:
SF:formatters/stylishFormat.js
FN:3,(anonymous_0)
FN:8,(anonymous_1)
FN:12,(anonymous_2)
FN:20,(anonymous_3)
FN:24,(anonymous_4)
FN:55,(anonymous_5)
FNF:6
FNH:6
FNDA:10,(anonymous_0)
FNDA:14,(anonymous_1)
FNDA:18,(anonymous_2)
FNDA:18,(anonymous_3)
FNDA:36,(anonymous_4)
FNDA:44,(anonymous_5)
DA:3,1
DA:4,10
DA:5,10
DA:6,10
DA:8,10
DA:9,14
DA:10,14
DA:12,14
DA:13,18
DA:14,6
DA:15,6
DA:17,12
DA:20,18
DA:21,14
DA:24,10
DA:25,36
DA:26,8
DA:27,8
DA:28,28
DA:29,4
DA:30,4
DA:31,24
DA:32,2
DA:33,2
DA:34,22
DA:35,6
DA:36,16
DA:37,2
DA:38,14
DA:39,2
DA:40,2
DA:41,2
DA:42,12
DA:43,0
DA:44,0
DA:45,0
DA:46,12
DA:47,12
DA:48,6
DA:50,6
DA:51,6
DA:55,44
DA:57,10
LF:43
LH:40
BRDA:3,0,0,2
BRDA:3,1,0,10
BRDA:8,2,0,0
BRDA:8,3,0,14
BRDA:13,4,0,6
BRDA:13,4,1,12
BRDA:25,5,0,8
BRDA:25,5,1,28
BRDA:28,6,0,4
BRDA:28,6,1,24
BRDA:31,7,0,2
BRDA:31,7,1,22
BRDA:34,8,0,6
BRDA:34,8,1,16
BRDA:36,9,0,2
BRDA:36,9,1,14
BRDA:38,10,0,2
BRDA:38,10,1,12
BRDA:42,11,0,0
BRDA:42,11,1,12
BRDA:46,12,0,12
BRDA:46,12,1,0
BRDA:47,13,0,6
BRDA:47,13,1,6
BRF:24
BRH:21
end_of_record
TN:
SF:src/generarateDiff.js
FN:9,(anonymous_0)
FN:17,(anonymous_1)
FN:26,(anonymous_2)
FN:33,(anonymous_3)
FN:38,(anonymous_4)
FN:43,(anonymous_5)
FN:48,(anonymous_6)
FN:53,(anonymous_7)
FN:59,(anonymous_8)
FN:66,(anonymous_9)
FNF:10
FNH:9
FNDA:24,(anonymous_0)
FNDA:0,(anonymous_1)
FNDA:4,(anonymous_2)
FNDA:4,(anonymous_3)
FNDA:4,(anonymous_4)
FNDA:8,(anonymous_5)
FNDA:12,(anonymous_6)
FNDA:16,(anonymous_7)
FNDA:20,(anonymous_8)
FNDA:72,(anonymous_9)
DA:9,24
DA:17,1
DA:26,4
DA:33,4
DA:38,4
DA:43,8
DA:48,12
DA:53,16
DA:59,1
DA:60,20
DA:61,20
DA:62,20
DA:63,20
DA:65,20
DA:66,20
DA:67,72
DA:68,12
DA:69,60
DA:70,8
DA:71,52
DA:72,4
DA:73,48
DA:74,4
DA:75,44
DA:76,4
DA:77,40
DA:78,0
DA:79,40
DA:80,24
DA:81,16
DA:82,16
DA:83,16
DA:84,16
DA:87,20
LF:34
LH:33
BRDA:67,0,0,12
BRDA:67,0,1,60
BRDA:67,1,0,72
BRDA:67,1,1,64
BRDA:67,1,2,20
BRDA:69,2,0,8
BRDA:69,2,1,52
BRDA:69,3,0,60
BRDA:69,3,1,52
BRDA:69,3,2,8
BRDA:71,4,0,4
BRDA:71,4,1,48
BRDA:71,5,0,52
BRDA:71,5,1,8
BRDA:71,5,2,8
BRDA:73,6,0,4
BRDA:73,6,1,44
BRDA:73,7,0,48
BRDA:73,7,1,4
BRDA:73,7,2,4
BRDA:75,8,0,4
BRDA:75,8,1,40
BRDA:75,9,0,44
BRDA:75,9,1,44
BRDA:75,9,2,44
BRDA:75,9,3,20
BRDA:77,10,0,0
BRDA:77,10,1,40
BRDA:77,11,0,40
BRDA:77,11,1,40
BRDA:77,11,2,40
BRDA:77,11,3,24
BRDA:79,12,0,24
BRDA:79,12,1,16
BRDA:79,13,0,40
BRDA:79,13,1,40
BRDA:79,13,2,40
BRDA:79,13,3,24
BRDA:81,14,0,16
BRDA:81,14,1,0
BRDA:81,15,0,16
BRDA:81,15,1,16
BRDA:81,15,2,16
BRDA:81,15,3,16
BRF:44
BRH:42
end_of_record
TN:
SF:src/parsers.js
FN:8,(anonymous_0)
FNF:1
FNH:1
FNDA:8,(anonymous_0)
DA:8,1
DA:9,8
DA:10,8
DA:11,8
DA:13,8
DA:14,8
DA:15,2
DA:16,6
DA:17,6
DA:19,8
LF:10
LH:10
BRDA:14,0,0,2
BRDA:14,0,1,6
BRDA:14,1,0,8
BRDA:14,1,1,6
BRDA:16,2,0,6
BRDA:16,2,1,0
BRF:6
BRH:5
end_of_record
